\BOOKMARK [1][-]{section.1}{\376\377\000T\000a\000r\000e\000a}{}% 1
\BOOKMARK [1][-]{section.2}{\376\377\000E\000q\000u\000i\000p\000o\000s\000,\000\040\000m\000a\000t\000e\000r\000i\000a\000l\000e\000s\000\040\000y\000\040\000t\000e\000m\000a\000s\000\040\000u\000t\000i\000l\000i\000z\000a\000d\000o\000s}{}% 2
\BOOKMARK [1][-]{section.3}{\376\377\000U\000R\000L\000\040\000d\000e\000\040\000R\000e\000p\000o\000s\000i\000t\000o\000r\000i\000o\000\040\000G\000i\000t\000h\000u\000b}{}% 3
\BOOKMARK [1][-]{section.4}{\376\377\000T\000r\000a\000b\000a\000j\000o\000\040\000d\000e\000l\000\040\000L\000a\000b\000o\000r\000a\000t\000o\000r\000i\000o\000\040\0000\0005}{}% 4
\BOOKMARK [2][-]{subsection.4.1}{\376\377\000A\000c\000t\000i\000v\000i\000d\000a\000d\000\040\0000\0001}{section.4}% 5
\BOOKMARK [3][-]{subsubsection.4.1.1}{\376\377\000C\000l\000a\000s\000e\000\040\000S\000o\000l\000d\000a\000d\000o\000.\000j\000a\000v\000a}{subsection.4.1}% 6
\BOOKMARK [3][-]{subsubsection.4.1.2}{\376\377\000C\000l\000a\000s\000e\000\040\000V\000i\000d\000e\000o\000J\000u\000e\000g\000o\000.\000j\000a\000v\000a}{subsection.4.1}% 7
\BOOKMARK [3][-]{subsubsection.4.1.3}{\376\377\000M\000\351\000t\000o\000d\000o\000\040\000p\000a\000r\000a\000\040\000l\000a\000\040\000c\000r\000e\000a\000c\000i\000\363\000n\000\040\000d\000e\000l\000\040\000e\000j\000\351\000r\000c\000i\000t\000o}{subsection.4.1}% 8
\BOOKMARK [3][-]{subsubsection.4.1.4}{\376\377\000M\000\351\000t\000o\000d\000o\000\040\000p\000a\000r\000a\000\040\000m\000o\000s\000t\000r\000a\000r\000\040\000l\000a\000\040\000t\000a\000b\000l\000a\000\040\000c\000o\000n\000\040\000e\000l\000\040\000e\000j\000\351\000r\000c\000i\000t\000o}{subsection.4.1}% 9
\BOOKMARK [3][-]{subsubsection.4.1.5}{\376\377\000M\000\351\000t\000o\000d\000o\000\040\000p\000a\000r\000a\000\040\000m\000o\000s\000t\000r\000a\000r\000\040\000l\000o\000s\000\040\000d\000a\000t\000o\000s\000\040\000d\000e\000\040\000l\000o\000s\000\040\000s\000o\000l\000d\000a\000d\000o\000s\000\040\000d\000e\000\040\000u\000n\000\040\000e\000j\000\351\000r\000c\000i\000t\000o}{subsection.4.1}% 10
\BOOKMARK [3][-]{subsubsection.4.1.6}{\376\377\000M\000\351\000t\000o\000d\000o\000\040\000p\000a\000r\000a\000\040\000m\000o\000s\000t\000r\000a\000r\000\040\000a\000q\000u\000e\000l\000l\000o\000s\000\040\000s\000o\000l\000d\000a\000d\000o\000s\000\040\000c\000o\000n\000\040\000m\000\341\000s\000\040\000v\000i\000d\000a\000\040\000d\000e\000\040\000u\000n\000\040\000e\000j\000\351\000r\000c\000i\000t\000o}{subsection.4.1}% 11
\BOOKMARK [3][-]{subsubsection.4.1.7}{\376\377\000M\000\351\000t\000o\000d\000o\000\040\000p\000a\000r\000a\000\040\000h\000a\000l\000l\000a\000r\000\040\000l\000a\000\040\000s\000u\000m\000a\000\040\000d\000e\000\040\000v\000i\000d\000a\000\040\000e\000n\000\040\000u\000n\000\040\000e\000j\000\351\000r\000c\000i\000t\000o}{subsection.4.1}% 12
\BOOKMARK [3][-]{subsubsection.4.1.8}{\376\377\000M\000\351\000t\000o\000d\000o\000\040\000p\000a\000r\000a\000\040\000h\000a\000l\000l\000a\000r\000\040\000e\000l\000\040\000p\000r\000o\000m\000e\000d\000i\000o\000\040\000d\000e\000\040\000v\000i\000d\000a\000\040\000e\000n\000\040\000u\000n\000\040\000e\000j\000\351\000r\000c\000i\000t\000o}{subsection.4.1}% 13
\BOOKMARK [3][-]{subsubsection.4.1.9}{\376\377\000M\000\351\000t\000o\000d\000o\000\040\000d\000e\000\040\000o\000r\000d\000e\000n\000a\000m\000i\000e\000n\000t\000o\000\040\000B\000u\000b\000b\000l\000e\000S\000o\000r\000t}{subsection.4.1}% 14
\BOOKMARK [3][-]{subsubsection.4.1.10}{\376\377\000M\000\351\000t\000o\000d\000o\000\040\000d\000e\000\040\000o\000r\000d\000e\000n\000a\000m\000i\000e\000n\000t\000o\000\040\000I\000n\000s\000e\000r\000t\000i\000o\000n\000S\000o\000r\000t}{subsection.4.1}% 15
\BOOKMARK [3][-]{subsubsection.4.1.11}{\376\377\000M\000\351\000t\000o\000d\000o\000\040\000d\000e\000\040\000o\000r\000d\000e\000n\000a\000m\000i\000e\000n\000t\000o\000\040\000S\000e\000l\000e\000c\000t\000i\000o\000n\000S\000o\000r\000t}{subsection.4.1}% 16
\BOOKMARK [3][-]{subsubsection.4.1.12}{\376\377\000M\000\351\000t\000o\000d\000o\000\040\000p\000a\000r\000a\000\040\000i\000m\000p\000r\000i\000m\000i\000r\000\040\000l\000o\000s\000\040\000s\000o\000l\000d\000a\000d\000o\000s\000\040\000d\000e\000\040\000u\000n\000\040\000e\000j\000\351\000r\000c\000i\000t\000o\000,\000\040\000o\000r\000d\000e\000n\000a\000d\000o\000s\000\040\000s\000e\000g\000\372\000n\000\040\000s\000u\000\040\000v\000i\000d\000a}{subsection.4.1}% 17
\BOOKMARK [3][-]{subsubsection.4.1.13}{\376\377\000M\000\351\000t\000o\000d\000o\000\040\000m\000a\000i\000n\000,\000\040\000u\000t\000i\000l\000i\000z\000a\000c\000i\000\363\000n\000\040\000d\000e\000\040\000l\000o\000s\000\040\000m\000\351\000t\000o\000d\000o\000s\000\040\000c\000r\000e\000a\000d\000o\000s}{subsection.4.1}% 18
\BOOKMARK [2][-]{subsection.4.2}{\376\377\000E\000s\000t\000r\000u\000c\000t\000u\000r\000a\000\040\000d\000e\000\040\000l\000a\000b\000o\000r\000a\000t\000o\000r\000i\000o\000\040\0000\0005}{section.4}% 19
\BOOKMARK [1][-]{section.5}{\376\377\000R\000\372\000b\000r\000i\000c\000a\000s}{}% 20
\BOOKMARK [2][-]{subsection.5.1}{\376\377\000E\000n\000t\000r\000e\000g\000a\000b\000l\000e\000\040\000I\000n\000f\000o\000r\000m\000e}{section.5}% 21
\BOOKMARK [2][-]{subsection.5.2}{\376\377\000R\000\372\000b\000r\000i\000c\000a\000\040\000p\000a\000r\000a\000\040\000e\000l\000\040\000c\000o\000n\000t\000e\000n\000i\000d\000o\000\040\000d\000e\000l\000\040\000I\000n\000f\000o\000r\000m\000e\000\040\000y\000\040\000d\000e\000m\000o\000s\000t\000r\000a\000c\000i\000\363\000n}{section.5}% 22
\BOOKMARK [1][-]{section.6}{\376\377\000R\000e\000f\000e\000r\000e\000n\000c\000i\000a\000s}{}% 23
